<?xml version="1.0" encoding="UTF-8"?>
<!-- Generated by org.testng.reporters.JUnitReportReporter -->
<testsuite hostname="DESKTOP-83JUM21" failures="0" tests="1" name="Base.Simple" time="6.501" errors="0" timestamp="2020-06-11T13:33:30 IST" skipped="0">
  <testcase classname="Base.Simple" name="simp" time="6.501"/>
</testsuite> <!-- Base.Simple -->
