<?xml version="1.0" encoding="UTF-8"?>
<!-- Generated by org.testng.reporters.JUnitReportReporter -->
<testsuite hostname="DESKTOP-83JUM21" failures="0" tests="1" name="TestCases.Create" time="4.389" errors="0" timestamp="2020-06-11T14:08:33 IST" skipped="0">
  <testcase classname="TestCases.Create" name="emp1" time="4.389"/>
</testsuite> <!-- TestCases.Create -->
